# JRE version: OpenJDK Runtime Environment Corretto-11.0.13.8.1 (11.0.13+8) (build 11.0.13+8-LTS)
# Java VM: OpenJDK 64-Bit Server VM Corretto-11.0.13.8.1 (11.0.13+8-LTS, mixed mode, tiered, compressed oops, g1 gc, windows-amd64)
Heap:
 garbage-first heap   total 310272K, used 33604K [0x0000000704e00000, 0x0000000800000000)
  region size 1024K, 10 young (10240K), 10 survivors (10240K)
 Metaspace       used 58058K, capacity 59870K, committed 60080K, reserved 1101824K
  class space    used 7126K, capacity 7875K, committed 7936K, reserved 1048576K
GC Heap History (15 events):
Event: 0.559 GC heap before
{Heap before GC invocations=0 (full 0):
 garbage-first heap   total 258048K, used 24576K [0x0000000704e00000, 0x0000000800000000)
  region size 1024K, 24 young (24576K), 0 survivors (0K)
 Metaspace       used 10011K, capacity 10170K, committed 10240K, reserved 1058816K
  class space    used 903K, capacity 984K, committed 1024K, reserved 1048576K
}
Event: 0.562 GC heap after
{Heap after GC invocations=1 (full 0):
 garbage-first heap   total 258048K, used 7786K [0x0000000704e00000, 0x0000000800000000)
  region size 1024K, 3 young (3072K), 3 survivors (3072K)
 Metaspace       used 10011K, capacity 10170K, committed 10240K, reserved 1058816K
  class space    used 903K, capacity 984K, committed 1024K, reserved 1048576K
}
Event: 2.975 GC heap before
{Heap before GC invocations=1 (full 0):
 garbage-first heap   total 258048K, used 77418K [0x0000000704e00000, 0x0000000800000000)
  region size 1024K, 71 young (72704K), 3 survivors (3072K)
 Metaspace       used 20720K, capacity 21172K, committed 21296K, reserved 1069056K
  class space    used 2193K, capacity 2416K, committed 2432K, reserved 1048576K
}
Event: 2.988 GC heap after
{Heap after GC invocations=2 (full 0):
 garbage-first heap   total 258048K, used 10535K [0x0000000704e00000, 0x0000000800000000)
  region size 1024K, 6 young (6144K), 6 survivors (6144K)
 Metaspace       used 20720K, capacity 21172K, committed 21296K, reserved 1069056K
  class space    used 2193K, capacity 2416K, committed 2432K, reserved 1048576K
}
Event: 3.153 GC heap before
{Heap before GC invocations=3 (full 0):
 garbage-first heap   total 258048K, used 28967K [0x0000000704e00000, 0x0000000800000000)
  region size 1024K, 25 young (25600K), 6 survivors (6144K)
 Metaspace       used 23086K, capacity 23540K, committed 23856K, reserved 1071104K
  class space    used 2466K, capacity 2672K, committed 2688K, reserved 1048576K
}
Event: 3.157 GC heap after
{Heap after GC invocations=4 (full 0):
 garbage-first heap   total 258048K, used 11145K [0x0000000704e00000, 0x0000000800000000)
  region size 1024K, 1 young (1024K), 1 survivors (1024K)
 Metaspace       used 23086K, capacity 23540K, committed 23856K, reserved 1071104K
  class space    used 2466K, capacity 2672K, committed 2688K, reserved 1048576K
}
Event: 4.175 GC heap before
{Heap before GC invocations=4 (full 0):
 garbage-first heap   total 258048K, used 91017K [0x0000000704e00000, 0x0000000800000000)
  region size 1024K, 79 young (80896K), 1 survivors (1024K)
 Metaspace       used 30563K, capacity 31277K, committed 31536K, reserved 1077248K
  class space    used 3388K, capacity 3664K, committed 3712K, reserved 1048576K
}
Event: 4.179 GC heap after
{Heap after GC invocations=5 (full 0):
 garbage-first heap   total 258048K, used 14340K [0x0000000704e00000, 0x0000000800000000)
  region size 1024K, 4 young (4096K), 4 survivors (4096K)
 Metaspace       used 30563K, capacity 31277K, committed 31536K, reserved 1077248K
  class space    used 3388K, capacity 3664K, committed 3712K, reserved 1048576K
}
Event: 5.125 GC heap before
{Heap before GC invocations=5 (full 0):
 garbage-first heap   total 258048K, used 108548K [0x0000000704e00000, 0x0000000800000000)
  region size 1024K, 97 young (99328K), 4 survivors (4096K)
 Metaspace       used 35065K, capacity 35830K, committed 35920K, reserved 1081344K
  class space    used 4072K, capacity 4404K, committed 4480K, reserved 1048576K
}
Event: 5.134 GC heap after
{Heap after GC invocations=6 (full 0):
 garbage-first heap   total 258048K, used 16521K [0x0000000704e00000, 0x0000000800000000)
  region size 1024K, 6 young (6144K), 6 survivors (6144K)
 Metaspace       used 35065K, capacity 35830K, committed 35920K, reserved 1081344K
  class space    used 4072K, capacity 4404K, committed 4480K, reserved 1048576K
}
Event: 6.967 GC heap before
{Heap before GC invocations=7 (full 0):
 garbage-first heap   total 258048K, used 146569K [0x0000000704e00000, 0x0000000800000000)
  region size 1024K, 128 young (131072K), 6 survivors (6144K)
 Metaspace       used 46448K, capacity 47610K, committed 47920K, reserved 1091584K
  class space    used 5486K, capacity 5927K, committed 6016K, reserved 1048576K
}
Event: 6.976 GC heap after
{Heap after GC invocations=8 (full 0):
 garbage-first heap   total 258048K, used 27007K [0x0000000704e00000, 0x0000000800000000)
  region size 1024K, 14 young (14336K), 14 survivors (14336K)
 Metaspace       used 46448K, capacity 47610K, committed 47920K, reserved 1091584K
  class space    used 5486K, capacity 5927K, committed 6016K, reserved 1048576K
}
Event: 8.465 GC heap before
{Heap before GC invocations=8 (full 0):
 garbage-first heap   total 258048K, used 170367K [0x0000000704e00000, 0x0000000800000000)
  region size 1024K, 148 young (151552K), 14 survivors (14336K)
 Metaspace       used 50974K, capacity 52408K, committed 52528K, reserved 1095680K
  class space    used 6125K, capacity 6701K, committed 6784K, reserved 1048576K
}
Event: 8.504 GC heap after
{Heap after GC invocations=9 (full 0):
 garbage-first heap   total 258048K, used 28005K [0x0000000704e00000, 0x0000000800000000)
  region size 1024K, 12 young (12288K), 12 survivors (12288K)
 Metaspace       used 50974K, capacity 52408K, committed 52528K, reserved 1095680K
  class space    used 6125K, capacity 6701K, committed 6784K, reserved 1048576K
}
Event: 9.938 GC heap before
{Heap before GC invocations=9 (full 0):
 garbage-first heap   total 258048K, used 170341K [0x0000000704e00000, 0x0000000800000000)
  region size 1024K, 151 young (154624K), 12 survivors (12288K)
 Metaspace       used 58058K, capacity 59870K, committed 60080K, reserved 1101824K
  class space    used 7126K, capacity 7875K, committed 7936K, reserved 1048576K
}

